2021-01-03 11:36:13,716 INFO org.springframework.boot.StartupInfoLogger [restartedMain] Starting BootAppRestaurante on antonioPortatil with PID 15184 (C:\Proyectos\AngularSpring\restaurante\restaurante-back\target\classes started by antonio in C:\Proyectos\AngularSpring\restaurante\restaurante-back)
2021-01-03 11:36:13,733 DEBUG org.springframework.boot.StartupInfoLogger [restartedMain] Running with Spring Boot v2.2.2.RELEASE, Spring v5.2.2.RELEASE
2021-01-03 11:36:13,737 INFO org.springframework.boot.SpringApplication [restartedMain] No active profile set, falling back to default profiles: default
2021-01-03 11:36:13,856 INFO org.springframework.boot.logging.DeferredLog [restartedMain] The Class-Path manifest attribute in C:\Users\antonio\.m2\repository\org\glassfish\jaxb\jaxb-runtime\2.3.2\jaxb-runtime-2.3.2.jar referenced one or more files that do not exist: file:/C:/Users/antonio/.m2/repository/org/glassfish/jaxb/jaxb-runtime/2.3.2/jakarta.xml.bind-api-2.3.2.jar,file:/C:/Users/antonio/.m2/repository/org/glassfish/jaxb/jaxb-runtime/2.3.2/txw2-2.3.2.jar,file:/C:/Users/antonio/.m2/repository/org/glassfish/jaxb/jaxb-runtime/2.3.2/istack-commons-runtime-3.0.8.jar,file:/C:/Users/antonio/.m2/repository/org/glassfish/jaxb/jaxb-runtime/2.3.2/stax-ex-1.8.1.jar,file:/C:/Users/antonio/.m2/repository/org/glassfish/jaxb/jaxb-runtime/2.3.2/FastInfoset-1.2.16.jar,file:/C:/Users/antonio/.m2/repository/org/glassfish/jaxb/jaxb-runtime/2.3.2/jakarta.activation-api-1.2.1.jar
2021-01-03 11:36:13,856 INFO org.springframework.boot.logging.DeferredLog [restartedMain] Devtools property defaults active! Set 'spring.devtools.add-properties' to 'false' to disable
2021-01-03 11:36:13,857 INFO org.springframework.boot.logging.DeferredLog [restartedMain] For additional web related logging consider setting the 'logging.level.web' property to 'DEBUG'
2021-01-03 11:36:15,639 INFO org.springframework.data.repository.config.RepositoryConfigurationDelegate [restartedMain] Bootstrapping Spring Data JPA repositories in DEFAULT mode.
2021-01-03 11:36:15,883 INFO org.springframework.data.repository.config.RepositoryConfigurationDelegate [restartedMain] Finished Spring Data repository scanning in 222ms. Found 7 JPA repository interfaces.
2021-01-03 11:36:16,796 INFO org.springframework.context.support.PostProcessorRegistrationDelegate$BeanPostProcessorChecker [restartedMain] Bean 'org.springframework.transaction.annotation.ProxyTransactionManagementConfiguration' of type [org.springframework.transaction.annotation.ProxyTransactionManagementConfiguration] is not eligible for getting processed by all BeanPostProcessors (for example: not eligible for auto-proxying)
2021-01-03 11:36:16,855 INFO org.springframework.context.support.PostProcessorRegistrationDelegate$BeanPostProcessorChecker [restartedMain] Bean 'org.springframework.security.config.annotation.configuration.ObjectPostProcessorConfiguration' of type [org.springframework.security.config.annotation.configuration.ObjectPostProcessorConfiguration] is not eligible for getting processed by all BeanPostProcessors (for example: not eligible for auto-proxying)
2021-01-03 11:36:16,865 INFO org.springframework.context.support.PostProcessorRegistrationDelegate$BeanPostProcessorChecker [restartedMain] Bean 'objectPostProcessor' of type [org.springframework.security.config.annotation.configuration.AutowireBeanFactoryObjectPostProcessor] is not eligible for getting processed by all BeanPostProcessors (for example: not eligible for auto-proxying)
2021-01-03 11:36:16,870 INFO org.springframework.context.support.PostProcessorRegistrationDelegate$BeanPostProcessorChecker [restartedMain] Bean 'org.springframework.security.access.expression.method.DefaultMethodSecurityExpressionHandler@f0071a0' of type [org.springframework.security.access.expression.method.DefaultMethodSecurityExpressionHandler] is not eligible for getting processed by all BeanPostProcessors (for example: not eligible for auto-proxying)
2021-01-03 11:36:16,875 INFO org.springframework.context.support.PostProcessorRegistrationDelegate$BeanPostProcessorChecker [restartedMain] Bean 'org.springframework.security.config.annotation.method.configuration.GlobalMethodSecurityConfiguration' of type [org.springframework.security.config.annotation.method.configuration.GlobalMethodSecurityConfiguration] is not eligible for getting processed by all BeanPostProcessors (for example: not eligible for auto-proxying)
2021-01-03 11:36:16,887 INFO org.springframework.context.support.PostProcessorRegistrationDelegate$BeanPostProcessorChecker [restartedMain] Bean 'methodSecurityMetadataSource' of type [org.springframework.security.access.method.DelegatingMethodSecurityMetadataSource] is not eligible for getting processed by all BeanPostProcessors (for example: not eligible for auto-proxying)
2021-01-03 11:36:18,207 INFO org.springframework.boot.web.embedded.tomcat.TomcatWebServer [restartedMain] Tomcat initialized with port(s): 8080 (http)
2021-01-03 11:36:18,231 INFO org.apache.juli.logging.DirectJDKLog [restartedMain] Initializing ProtocolHandler ["http-nio-8080"]
2021-01-03 11:36:18,232 INFO org.apache.juli.logging.DirectJDKLog [restartedMain] Starting service [Tomcat]
2021-01-03 11:36:18,233 INFO org.apache.juli.logging.DirectJDKLog [restartedMain] Starting Servlet engine: [Apache Tomcat/9.0.29]
2021-01-03 11:36:18,488 INFO org.apache.juli.logging.DirectJDKLog [restartedMain] Initializing Spring embedded WebApplicationContext
2021-01-03 11:36:18,489 INFO org.springframework.boot.web.servlet.context.ServletWebServerApplicationContext [restartedMain] Root WebApplicationContext: initialization completed in 4632 ms
2021-01-03 11:36:18,897 INFO org.hibernate.jpa.internal.util.LogHelper [restartedMain] HHH000204: Processing PersistenceUnitInfo [name: default]
2021-01-03 11:36:19,083 INFO org.hibernate.Version [restartedMain] HHH000412: Hibernate Core {5.4.9.Final}
2021-01-03 11:36:19,373 INFO org.hibernate.annotations.common.reflection.java.JavaReflectionManager [restartedMain] HCANN000001: Hibernate Commons Annotations {5.1.0.Final}
2021-01-03 11:36:19,580 INFO com.zaxxer.hikari.HikariDataSource [restartedMain] HikariPool-1 - Starting...
2021-01-03 11:36:19,804 INFO com.zaxxer.hikari.HikariDataSource [restartedMain] HikariPool-1 - Start completed.
2021-01-03 11:36:19,848 INFO org.hibernate.dialect.Dialect [restartedMain] HHH000400: Using dialect: org.hibernate.dialect.PostgreSQLDialect
2021-01-03 11:36:21,521 DEBUG org.hibernate.engine.jdbc.spi.SqlStatementLogger [restartedMain] alter table proyecto drop constraint FK391t9hcdgfjcs6f7xf4khf1sp
2021-01-03 11:36:21,529 DEBUG org.hibernate.engine.jdbc.spi.SqlStatementLogger [restartedMain] alter table proyecto_herramienta drop constraint FKq87ke7fdkv8d2yjc4ili8pg1t
2021-01-03 11:36:21,531 DEBUG org.hibernate.engine.jdbc.spi.SqlStatementLogger [restartedMain] alter table proyecto_herramienta drop constraint FKn0ya56kcb23nev3x5pxemuw76
2021-01-03 11:36:21,533 DEBUG org.hibernate.engine.jdbc.spi.SqlStatementLogger [restartedMain] alter table usuarios_roles drop constraint FKihom0uklpkfpffipxpoyf7b74
2021-01-03 11:36:21,534 DEBUG org.hibernate.engine.jdbc.spi.SqlStatementLogger [restartedMain] alter table usuarios_roles drop constraint FKqcxu02bqipxpr7cjyj9dmhwec
2021-01-03 11:36:21,536 DEBUG org.hibernate.engine.jdbc.spi.SqlStatementLogger [restartedMain] drop table if exists adminindex cascade
2021-01-03 11:36:21,551 DEBUG org.hibernate.engine.jdbc.spi.SqlStatementLogger [restartedMain] drop table if exists clientes cascade
2021-01-03 11:36:21,561 DEBUG org.hibernate.engine.jdbc.spi.SqlStatementLogger [restartedMain] drop table if exists cursos cascade
2021-01-03 11:36:21,567 DEBUG org.hibernate.engine.jdbc.spi.SqlStatementLogger [restartedMain] drop table if exists empresa cascade
2021-01-03 11:36:21,577 DEBUG org.hibernate.engine.jdbc.spi.SqlStatementLogger [restartedMain] drop table if exists herramienta cascade
2021-01-03 11:36:21,587 DEBUG org.hibernate.engine.jdbc.spi.SqlStatementLogger [restartedMain] drop table if exists proyecto cascade
2021-01-03 11:36:21,597 DEBUG org.hibernate.engine.jdbc.spi.SqlStatementLogger [restartedMain] drop table if exists proyecto_herramienta cascade
2021-01-03 11:36:21,601 DEBUG org.hibernate.engine.jdbc.spi.SqlStatementLogger [restartedMain] drop table if exists roles cascade
2021-01-03 11:36:21,609 DEBUG org.hibernate.engine.jdbc.spi.SqlStatementLogger [restartedMain] drop table if exists usuarios cascade
2021-01-03 11:36:21,623 DEBUG org.hibernate.engine.jdbc.spi.SqlStatementLogger [restartedMain] drop table if exists usuarios_roles cascade
2021-01-03 11:36:21,630 DEBUG org.hibernate.engine.jdbc.spi.SqlStatementLogger [restartedMain] create table adminindex (id  bigserial not null, body varchar(255), cabecera varchar(255) not null, imagen varchar(255), route varchar(255), primary key (id))
2021-01-03 11:36:21,651 DEBUG org.hibernate.engine.jdbc.spi.SqlStatementLogger [restartedMain] create table clientes (id  bigserial not null, actividad TEXT, cliente varchar(255), clientefoto varchar(255), empresa varchar(255), empresafoto varchar(255), experiencia TEXT, fin date, inicio date, sector varchar(255), primary key (id))
2021-01-03 11:36:21,662 DEBUG org.hibernate.engine.jdbc.spi.SqlStatementLogger [restartedMain] create table cursos (id  bigserial not null, fin date, horas int4, inicio date, nombre varchar(100) not null, primary key (id))
2021-01-03 11:36:21,671 DEBUG org.hibernate.engine.jdbc.spi.SqlStatementLogger [restartedMain] create table empresa (id  bigserial not null, descripcion_breve TEXT, direccion varchar(60), email varchar(60), horario varchar(255), nombre varchar(60) not null, provincia varchar(30), telefono varchar(11), urlweb varchar(60), primary key (id))
2021-01-03 11:36:21,684 DEBUG org.hibernate.engine.jdbc.spi.SqlStatementLogger [restartedMain] create table herramienta (id  bigserial not null, comentario varchar(80), nivel varchar(255), nombre varchar(80), tipo varchar(255), primary key (id))
2021-01-03 11:36:21,697 DEBUG org.hibernate.engine.jdbc.spi.SqlStatementLogger [restartedMain] create table proyecto (id  bigserial not null, descripcion TEXT, fin date not null, inicio date not null, nombre varchar(79) not null, cliente_id int8, primary key (id))
2021-01-03 11:36:21,710 DEBUG org.hibernate.engine.jdbc.spi.SqlStatementLogger [restartedMain] create table proyecto_herramienta (proyecto_id int8 not null, herramienta_id int8 not null)
2021-01-03 11:36:21,714 DEBUG org.hibernate.engine.jdbc.spi.SqlStatementLogger [restartedMain] create table roles (id  bigserial not null, nombre varchar(20), primary key (id))
2021-01-03 11:36:21,723 DEBUG org.hibernate.engine.jdbc.spi.SqlStatementLogger [restartedMain] create table usuarios (id  bigserial not null, acepta_emails boolean, apellidos varchar(255), cod_activacion varchar(80), cod_cambio_passw varchar(80), email varchar(255), enabled boolean, esperando_cambio_passw boolean, fecha_activado date, fecha_registro TIMESTAMP, fecha_sol_cambio_passw date, finalizada_activacion boolean not null, nombre varchar(255), password varchar(60) not null, telefono varchar(255), username varchar(60) not null, primary key (id))
2021-01-03 11:36:21,739 DEBUG org.hibernate.engine.jdbc.spi.SqlStatementLogger [restartedMain] create table usuarios_roles (usuario_id int8 not null, role_id int8 not null)
2021-01-03 11:36:21,742 DEBUG org.hibernate.engine.jdbc.spi.SqlStatementLogger [restartedMain] alter table clientes add constraint UKteoa9ce3xv2ajahs0lgfoll2v unique (empresa, cliente, inicio)
2021-01-03 11:36:21,748 DEBUG org.hibernate.engine.jdbc.spi.SqlStatementLogger [restartedMain] alter table empresa add constraint UK_2fqlxbcs4h827hio1qam0dhd3 unique (nombre)
2021-01-03 11:36:21,753 DEBUG org.hibernate.engine.jdbc.spi.SqlStatementLogger [restartedMain] alter table herramienta add constraint UK_r2962ann3eaimg1plgafqssu1 unique (nombre)
2021-01-03 11:36:21,758 DEBUG org.hibernate.engine.jdbc.spi.SqlStatementLogger [restartedMain] alter table proyecto add constraint UK_gvu9yy8rcb4h2hr1f6av0f0ml unique (nombre)
2021-01-03 11:36:21,762 DEBUG org.hibernate.engine.jdbc.spi.SqlStatementLogger [restartedMain] alter table proyecto_herramienta add constraint UKcabtkqf5f3h1o0ag4146m3fwm unique (proyecto_id, herramienta_id)
2021-01-03 11:36:21,766 DEBUG org.hibernate.engine.jdbc.spi.SqlStatementLogger [restartedMain] alter table roles add constraint UK_ldv0v52e0udsh2h1rs0r0gw1n unique (nombre)
2021-01-03 11:36:21,771 DEBUG org.hibernate.engine.jdbc.spi.SqlStatementLogger [restartedMain] alter table usuarios add constraint UK_fe54wcy09qu2gqms03v5hvgf unique (cod_activacion)
2021-01-03 11:36:21,775 DEBUG org.hibernate.engine.jdbc.spi.SqlStatementLogger [restartedMain] alter table usuarios add constraint UK_h0em1k5lbnom22yg59fc35728 unique (cod_cambio_passw)
2021-01-03 11:36:21,779 DEBUG org.hibernate.engine.jdbc.spi.SqlStatementLogger [restartedMain] alter table usuarios add constraint UK_m2dvbwfge291euvmk6vkkocao unique (username)
2021-01-03 11:36:21,784 DEBUG org.hibernate.engine.jdbc.spi.SqlStatementLogger [restartedMain] alter table usuarios_roles add constraint UKqjaspm7473pnu9y4jxhrds8r2 unique (usuario_id, role_id)
2021-01-03 11:36:21,789 DEBUG org.hibernate.engine.jdbc.spi.SqlStatementLogger [restartedMain] alter table proyecto add constraint FK391t9hcdgfjcs6f7xf4khf1sp foreign key (cliente_id) references clientes
2021-01-03 11:36:21,795 DEBUG org.hibernate.engine.jdbc.spi.SqlStatementLogger [restartedMain] alter table proyecto_herramienta add constraint FKq87ke7fdkv8d2yjc4ili8pg1t foreign key (herramienta_id) references herramienta
2021-01-03 11:36:21,801 DEBUG org.hibernate.engine.jdbc.spi.SqlStatementLogger [restartedMain] alter table proyecto_herramienta add constraint FKn0ya56kcb23nev3x5pxemuw76 foreign key (proyecto_id) references proyecto
2021-01-03 11:36:21,805 DEBUG org.hibernate.engine.jdbc.spi.SqlStatementLogger [restartedMain] alter table usuarios_roles add constraint FKihom0uklpkfpffipxpoyf7b74 foreign key (role_id) references roles
2021-01-03 11:36:21,811 DEBUG org.hibernate.engine.jdbc.spi.SqlStatementLogger [restartedMain] alter table usuarios_roles add constraint FKqcxu02bqipxpr7cjyj9dmhwec foreign key (usuario_id) references usuarios
2021-01-03 11:36:21,819 INFO org.hibernate.tool.schema.internal.exec.AbstractScriptSourceInput [restartedMain] HHH000476: Executing import script 'file:/C:/Proyectos/AngularSpring/restaurante/restaurante-back/target/classes/import.sql'
2021-01-03 11:36:21,828 DEBUG org.hibernate.engine.jdbc.spi.SqlStatementLogger [restartedMain] INSERT INTO usuarios (username, password, finalizada_activacion, enabled, nombre, apellidos, email) VALUES ('antonio63j@hotmail.com','12345', true, true, 'Antonio','fernandez','antonio63j@hotmail.com')
2021-01-03 11:36:21,831 DEBUG org.hibernate.engine.jdbc.spi.SqlStatementLogger [restartedMain] INSERT INTO roles (nombre) VALUES ('ROLE_USER')
2021-01-03 11:36:21,833 DEBUG org.hibernate.engine.jdbc.spi.SqlStatementLogger [restartedMain] INSERT INTO roles (nombre) VALUES ('ROLE_ADMIN')
2021-01-03 11:36:21,835 DEBUG org.hibernate.engine.jdbc.spi.SqlStatementLogger [restartedMain] INSERT INTO usuarios_roles (usuario_id, role_id) VALUES (1, 1)
2021-01-03 11:36:21,838 DEBUG org.hibernate.engine.jdbc.spi.SqlStatementLogger [restartedMain] INSERT INTO usuarios_roles (usuario_id, role_id) VALUES (1, 2)
2021-01-03 11:36:21,840 DEBUG org.hibernate.engine.jdbc.spi.SqlStatementLogger [restartedMain] INSERT INTO adminindex ( cabecera, imagen, body, route) VALUES ('configuración de la web', 'empresa.png', 'En este apartado se podrá cambiar los datos de contacto de la empresa', 'empresa' )
2021-01-03 11:36:21,844 DEBUG org.hibernate.engine.jdbc.spi.SqlStatementLogger [restartedMain] INSERT INTO adminindex ( cabecera, imagen, body, route) VALUES ('images de la página principal', 'home.png', 'En este apartado se podrá cambiar los imagenes de la página de entrada (home)', 'admhome' )
2021-01-03 11:36:21,845 DEBUG org.hibernate.engine.jdbc.spi.SqlStatementLogger [restartedMain] INSERT INTO adminindex ( cabecera, imagen, body, route) VALUES ('clasificación de platos', 'tipos.png', 'En este apartado se podrá clasificar los ditintos platos, por ejemplo añadir tipo carnes, pescados, ...', 'admtiposplatos')
2021-01-03 11:36:21,846 DEBUG org.hibernate.engine.jdbc.spi.SqlStatementLogger [restartedMain] INSERT INTO empresa(descripcion_breve, direccion, email, horario, nombre, provincia, telefono, urlweb) VALUES ('descripcion breve', 'c/Cortubi n.22', '@info@fernandezlucena.es', 'horario de 9 a 22h','Cazuela Cortubí', 'Madrid', '627336511', 'http://localhost:4200')
2021-01-03 11:36:21,854 INFO org.hibernate.engine.transaction.jta.platform.internal.JtaPlatformInitiator [restartedMain] HHH000490: Using JtaPlatform implementation: [org.hibernate.engine.transaction.jta.platform.internal.NoJtaPlatform]
2021-01-03 11:36:21,868 INFO org.springframework.orm.jpa.AbstractEntityManagerFactoryBean [restartedMain] Initialized JPA EntityManagerFactory for persistence unit 'default'
2021-01-03 11:36:21,907 INFO org.springframework.boot.devtools.autoconfigure.OptionalLiveReloadServer [restartedMain] LiveReload server is running on port 35729
2021-01-03 11:36:22,608 WARN org.springframework.boot.autoconfigure.orm.jpa.JpaBaseConfiguration$JpaWebConfiguration [restartedMain] spring.jpa.open-in-view is enabled by default. Therefore, database queries may be performed during view rendering. Explicitly configure spring.jpa.open-in-view to disable this warning
2021-01-03 11:36:23,367 INFO com.afl.restaurante.auth.SpringSecurityConfig [restartedMain] En BCryptPasswordEncoder
2021-01-03 11:36:23,829 DEBUG org.hibernate.engine.jdbc.spi.SqlStatementLogger [restartedMain] select empresa0_.id as id1_3_0_, empresa0_.descripcion_breve as descripc2_3_0_, empresa0_.direccion as direccio3_3_0_, empresa0_.email as email4_3_0_, empresa0_.horario as horario5_3_0_, empresa0_.nombre as nombre6_3_0_, empresa0_.provincia as provinci7_3_0_, empresa0_.telefono as telefono8_3_0_, empresa0_.urlweb as urlweb9_3_0_ from empresa empresa0_ where empresa0_.id=?
2021-01-03 11:36:24,045 WARN org.thymeleaf.templatemode.TemplateMode [restartedMain] [THYMELEAF][restartedMain] Template Mode 'HTML5' is deprecated. Using Template Mode 'HTML' instead.
2021-01-03 11:36:24,102 WARN org.springframework.security.oauth2.provider.token.store.JwtAccessTokenConverter [restartedMain] Unable to create an RSA verifier from verifierKey (ignoreable if using MAC)
2021-01-03 11:36:25,427 INFO org.springframework.security.web.DefaultSecurityFilterChain [restartedMain] Creating filter chain: OrRequestMatcher [requestMatchers=[Ant [pattern='/oauth/token'], Ant [pattern='/oauth/token_key'], Ant [pattern='/oauth/check_token']]], [org.springframework.security.web.context.request.async.WebAsyncManagerIntegrationFilter@489536, org.springframework.security.web.context.SecurityContextPersistenceFilter@67675315, org.springframework.security.web.header.HeaderWriterFilter@6dc298a1, org.springframework.security.web.authentication.logout.LogoutFilter@692dbf8a, org.springframework.security.web.authentication.www.BasicAuthenticationFilter@5a345633, org.springframework.security.web.savedrequest.RequestCacheAwareFilter@1f77e544, org.springframework.security.web.servletapi.SecurityContextHolderAwareRequestFilter@b368429, org.springframework.security.web.authentication.AnonymousAuthenticationFilter@54098c90, org.springframework.security.web.session.SessionManagementFilter@49cb4eab, org.springframework.security.web.access.ExceptionTranslationFilter@794ea8dd, org.springframework.security.web.access.intercept.FilterSecurityInterceptor@5e27e55e]
2021-01-03 11:36:25,452 INFO org.springframework.security.web.DefaultSecurityFilterChain [restartedMain] Creating filter chain: org.springframework.security.oauth2.config.annotation.web.configuration.ResourceServerConfiguration$NotOAuthRequestMatcher@64588bf0, [org.springframework.security.web.context.request.async.WebAsyncManagerIntegrationFilter@5a12c3be, org.springframework.security.web.context.SecurityContextPersistenceFilter@59208dad, org.springframework.security.web.header.HeaderWriterFilter@6a83648f, org.springframework.web.filter.CorsFilter@2c2651f3, org.springframework.security.web.authentication.logout.LogoutFilter@7604c2a0, org.springframework.security.oauth2.provider.authentication.OAuth2AuthenticationProcessingFilter@702bbe9d, org.springframework.security.web.savedrequest.RequestCacheAwareFilter@4e2185e8, org.springframework.security.web.servletapi.SecurityContextHolderAwareRequestFilter@3f7737bf, org.springframework.security.web.authentication.AnonymousAuthenticationFilter@4683a22c, org.springframework.security.web.session.SessionManagementFilter@11f0b0f3, org.springframework.security.web.access.ExceptionTranslationFilter@7abdb574, org.springframework.security.web.access.intercept.FilterSecurityInterceptor@4b842962]
2021-01-03 11:36:25,466 INFO org.springframework.security.web.DefaultSecurityFilterChain [restartedMain] Creating filter chain: any request, [org.springframework.security.web.context.request.async.WebAsyncManagerIntegrationFilter@4cedef2b, org.springframework.security.web.context.SecurityContextPersistenceFilter@7260c6b2, org.springframework.security.web.header.HeaderWriterFilter@97769cd, org.springframework.security.web.authentication.logout.LogoutFilter@7dbbbe2b, org.springframework.security.web.savedrequest.RequestCacheAwareFilter@249fcdd5, org.springframework.security.web.servletapi.SecurityContextHolderAwareRequestFilter@1694f18a, org.springframework.security.web.authentication.AnonymousAuthenticationFilter@1649b863, org.springframework.security.web.session.SessionManagementFilter@2b668efa, org.springframework.security.web.access.ExceptionTranslationFilter@3a0d9487, org.springframework.security.web.access.intercept.FilterSecurityInterceptor@6a721e0c]
2021-01-03 11:36:25,637 INFO org.apache.juli.logging.DirectJDKLog [restartedMain] Starting ProtocolHandler ["http-nio-8080"]
2021-01-03 11:36:25,676 INFO org.springframework.boot.web.embedded.tomcat.TomcatWebServer [restartedMain] Tomcat started on port(s): 8080 (http) with context path ''
2021-01-03 11:36:25,679 INFO org.springframework.boot.StartupInfoLogger [restartedMain] Started BootAppRestaurante in 12.921 seconds (JVM running for 14.251)
2021-01-03 11:38:18,324 INFO org.apache.juli.logging.DirectJDKLog [http-nio-8080-exec-1] Initializing Spring DispatcherServlet 'dispatcherServlet'
2021-01-03 11:38:18,325 INFO org.springframework.web.servlet.FrameworkServlet [http-nio-8080-exec-1] Initializing Servlet 'dispatcherServlet'
2021-01-03 11:38:18,438 INFO org.springframework.web.servlet.FrameworkServlet [http-nio-8080-exec-1] Completed initialization in 113 ms
2021-01-03 14:39:17,103 WARN com.zaxxer.hikari.pool.HikariPool$HouseKeeper [HikariPool-1 housekeeper] HikariPool-1 - Thread starvation or clock leap detected (housekeeper delta=55s858ms55µs700ns).
2021-01-03 17:33:18,569 DEBUG org.hibernate.engine.jdbc.spi.SqlStatementLogger [http-nio-8080-exec-6] select empresa0_.id as id1_3_0_, empresa0_.descripcion_breve as descripc2_3_0_, empresa0_.direccion as direccio3_3_0_, empresa0_.email as email4_3_0_, empresa0_.horario as horario5_3_0_, empresa0_.nombre as nombre6_3_0_, empresa0_.provincia as provinci7_3_0_, empresa0_.telefono as telefono8_3_0_, empresa0_.urlweb as urlweb9_3_0_ from empresa empresa0_ where empresa0_.id=?
2021-01-03 17:34:03,144 DEBUG org.hibernate.engine.jdbc.spi.SqlStatementLogger [http-nio-8080-exec-7] select empresa0_.id as id1_3_0_, empresa0_.descripcion_breve as descripc2_3_0_, empresa0_.direccion as direccio3_3_0_, empresa0_.email as email4_3_0_, empresa0_.horario as horario5_3_0_, empresa0_.nombre as nombre6_3_0_, empresa0_.provincia as provinci7_3_0_, empresa0_.telefono as telefono8_3_0_, empresa0_.urlweb as urlweb9_3_0_ from empresa empresa0_ where empresa0_.id=?
2021-01-03 17:34:50,749 DEBUG org.hibernate.engine.jdbc.spi.SqlStatementLogger [http-nio-8080-exec-9] select usuario0_.id as id1_8_, usuario0_.acepta_emails as acepta_e2_8_, usuario0_.apellidos as apellido3_8_, usuario0_.cod_activacion as cod_acti4_8_, usuario0_.cod_cambio_passw as cod_camb5_8_, usuario0_.email as email6_8_, usuario0_.enabled as enabled7_8_, usuario0_.esperando_cambio_passw as esperand8_8_, usuario0_.fecha_activado as fecha_ac9_8_, usuario0_.fecha_registro as fecha_r10_8_, usuario0_.fecha_sol_cambio_passw as fecha_s11_8_, usuario0_.finalizada_activacion as finaliz12_8_, usuario0_.nombre as nombre13_8_, usuario0_.password as passwor14_8_, usuario0_.telefono as telefon15_8_, usuario0_.username as usernam16_8_ from usuarios usuario0_ where usuario0_.username=?
2021-01-03 17:34:50,789 DEBUG org.hibernate.engine.jdbc.spi.SqlStatementLogger [http-nio-8080-exec-9] select roles0_.usuario_id as usuario_1_9_0_, roles0_.role_id as role_id2_9_0_, role1_.id as id1_7_1_, role1_.nombre as nombre2_7_1_ from usuarios_roles roles0_ inner join roles role1_ on roles0_.role_id=role1_.id where roles0_.usuario_id=?
2021-01-03 17:34:50,804 INFO com.afl.restaurante.services.UsuarioService [http-nio-8080-exec-9] Role:ROLE_USER
2021-01-03 17:34:50,805 INFO com.afl.restaurante.services.UsuarioService [http-nio-8080-exec-9] Role:ROLE_ADMIN
2021-01-03 17:34:50,996 DEBUG org.hibernate.engine.jdbc.spi.SqlStatementLogger [http-nio-8080-exec-9] select usuario0_.id as id1_8_, usuario0_.acepta_emails as acepta_e2_8_, usuario0_.apellidos as apellido3_8_, usuario0_.cod_activacion as cod_acti4_8_, usuario0_.cod_cambio_passw as cod_camb5_8_, usuario0_.email as email6_8_, usuario0_.enabled as enabled7_8_, usuario0_.esperando_cambio_passw as esperand8_8_, usuario0_.fecha_activado as fecha_ac9_8_, usuario0_.fecha_registro as fecha_r10_8_, usuario0_.fecha_sol_cambio_passw as fecha_s11_8_, usuario0_.finalizada_activacion as finaliz12_8_, usuario0_.nombre as nombre13_8_, usuario0_.password as passwor14_8_, usuario0_.telefono as telefon15_8_, usuario0_.username as usernam16_8_ from usuarios usuario0_ where usuario0_.username=?
2021-01-03 17:34:57,676 DEBUG org.hibernate.engine.jdbc.spi.SqlStatementLogger [http-nio-8080-exec-1] select adminindex0_.id as id1_0_, adminindex0_.body as body2_0_, adminindex0_.cabecera as cabecera3_0_, adminindex0_.imagen as imagen4_0_, adminindex0_.route as route5_0_ from adminindex adminindex0_
2021-01-03 17:34:57,732 INFO com.afl.restaurante.services.files.UploadFileServiceImpl [http-nio-8080-exec-3] salida de fichero: C:\Proyectos\AngularSpring\restaurante\restaurante-back\uploads\imagenes\home.png
2021-01-03 17:34:57,734 INFO com.afl.restaurante.services.files.UploadFileServiceImpl [http-nio-8080-exec-5] salida de fichero: C:\Proyectos\AngularSpring\restaurante\restaurante-back\uploads\imagenes\tipos.png
2021-01-03 17:34:57,734 INFO com.afl.restaurante.services.files.UploadFileServiceImpl [http-nio-8080-exec-2] salida de fichero: C:\Proyectos\AngularSpring\restaurante\restaurante-back\uploads\imagenes\empresa.png
2021-01-03 17:35:37,523 DEBUG org.hibernate.engine.jdbc.spi.SqlStatementLogger [http-nio-8080-exec-6] select empresa0_.id as id1_3_0_, empresa0_.descripcion_breve as descripc2_3_0_, empresa0_.direccion as direccio3_3_0_, empresa0_.email as email4_3_0_, empresa0_.horario as horario5_3_0_, empresa0_.nombre as nombre6_3_0_, empresa0_.provincia as provinci7_3_0_, empresa0_.telefono as telefono8_3_0_, empresa0_.urlweb as urlweb9_3_0_ from empresa empresa0_ where empresa0_.id=?
2021-01-03 17:36:00,692 DEBUG org.hibernate.engine.jdbc.spi.SqlStatementLogger [http-nio-8080-exec-1] select empresa0_.id as id1_3_0_, empresa0_.descripcion_breve as descripc2_3_0_, empresa0_.direccion as direccio3_3_0_, empresa0_.email as email4_3_0_, empresa0_.horario as horario5_3_0_, empresa0_.nombre as nombre6_3_0_, empresa0_.provincia as provinci7_3_0_, empresa0_.telefono as telefono8_3_0_, empresa0_.urlweb as urlweb9_3_0_ from empresa empresa0_ where empresa0_.id=?
2021-01-03 17:36:20,847 DEBUG org.hibernate.engine.jdbc.spi.SqlStatementLogger [http-nio-8080-exec-2] select empresa0_.id as id1_3_0_, empresa0_.descripcion_breve as descripc2_3_0_, empresa0_.direccion as direccio3_3_0_, empresa0_.email as email4_3_0_, empresa0_.horario as horario5_3_0_, empresa0_.nombre as nombre6_3_0_, empresa0_.provincia as provinci7_3_0_, empresa0_.telefono as telefono8_3_0_, empresa0_.urlweb as urlweb9_3_0_ from empresa empresa0_ where empresa0_.id=?
2021-01-03 17:36:57,207 DEBUG org.hibernate.engine.jdbc.spi.SqlStatementLogger [http-nio-8080-exec-3] select empresa0_.id as id1_3_0_, empresa0_.descripcion_breve as descripc2_3_0_, empresa0_.direccion as direccio3_3_0_, empresa0_.email as email4_3_0_, empresa0_.horario as horario5_3_0_, empresa0_.nombre as nombre6_3_0_, empresa0_.provincia as provinci7_3_0_, empresa0_.telefono as telefono8_3_0_, empresa0_.urlweb as urlweb9_3_0_ from empresa empresa0_ where empresa0_.id=?
2021-01-03 17:37:24,844 DEBUG org.hibernate.engine.jdbc.spi.SqlStatementLogger [http-nio-8080-exec-4] select empresa0_.id as id1_3_0_, empresa0_.descripcion_breve as descripc2_3_0_, empresa0_.direccion as direccio3_3_0_, empresa0_.email as email4_3_0_, empresa0_.horario as horario5_3_0_, empresa0_.nombre as nombre6_3_0_, empresa0_.provincia as provinci7_3_0_, empresa0_.telefono as telefono8_3_0_, empresa0_.urlweb as urlweb9_3_0_ from empresa empresa0_ where empresa0_.id=?
2021-01-03 17:39:41,030 DEBUG org.hibernate.engine.jdbc.spi.SqlStatementLogger [http-nio-8080-exec-7] select usuario0_.id as id1_8_, usuario0_.acepta_emails as acepta_e2_8_, usuario0_.apellidos as apellido3_8_, usuario0_.cod_activacion as cod_acti4_8_, usuario0_.cod_cambio_passw as cod_camb5_8_, usuario0_.email as email6_8_, usuario0_.enabled as enabled7_8_, usuario0_.esperando_cambio_passw as esperand8_8_, usuario0_.fecha_activado as fecha_ac9_8_, usuario0_.fecha_registro as fecha_r10_8_, usuario0_.fecha_sol_cambio_passw as fecha_s11_8_, usuario0_.finalizada_activacion as finaliz12_8_, usuario0_.nombre as nombre13_8_, usuario0_.password as passwor14_8_, usuario0_.telefono as telefon15_8_, usuario0_.username as usernam16_8_ from usuarios usuario0_ where usuario0_.username=?
2021-01-03 17:39:41,032 INFO com.afl.restaurante.services.UsuarioService [http-nio-8080-exec-7] error no existe el usuario 'antonio63j@gmail.com' en el sistema
2021-01-03 17:39:41,149 WARN org.springframework.security.oauth2.provider.endpoint.TokenEndpoint [http-nio-8080-exec-7] Handling error: InvalidGrantException, Bad credentials
2021-01-03 17:39:57,248 DEBUG org.hibernate.engine.jdbc.spi.SqlStatementLogger [http-nio-8080-exec-1] select usuario0_.id as id1_8_, usuario0_.acepta_emails as acepta_e2_8_, usuario0_.apellidos as apellido3_8_, usuario0_.cod_activacion as cod_acti4_8_, usuario0_.cod_cambio_passw as cod_camb5_8_, usuario0_.email as email6_8_, usuario0_.enabled as enabled7_8_, usuario0_.esperando_cambio_passw as esperand8_8_, usuario0_.fecha_activado as fecha_ac9_8_, usuario0_.fecha_registro as fecha_r10_8_, usuario0_.fecha_sol_cambio_passw as fecha_s11_8_, usuario0_.finalizada_activacion as finaliz12_8_, usuario0_.nombre as nombre13_8_, usuario0_.password as passwor14_8_, usuario0_.telefono as telefon15_8_, usuario0_.username as usernam16_8_ from usuarios usuario0_ where usuario0_.username=?
2021-01-03 17:39:57,250 DEBUG org.hibernate.engine.jdbc.spi.SqlStatementLogger [http-nio-8080-exec-1] select roles0_.usuario_id as usuario_1_9_0_, roles0_.role_id as role_id2_9_0_, role1_.id as id1_7_1_, role1_.nombre as nombre2_7_1_ from usuarios_roles roles0_ inner join roles role1_ on roles0_.role_id=role1_.id where roles0_.usuario_id=?
2021-01-03 17:39:57,252 INFO com.afl.restaurante.services.UsuarioService [http-nio-8080-exec-1] Role:ROLE_USER
2021-01-03 17:39:57,252 INFO com.afl.restaurante.services.UsuarioService [http-nio-8080-exec-1] Role:ROLE_ADMIN
2021-01-03 17:39:57,435 DEBUG org.hibernate.engine.jdbc.spi.SqlStatementLogger [http-nio-8080-exec-1] select usuario0_.id as id1_8_, usuario0_.acepta_emails as acepta_e2_8_, usuario0_.apellidos as apellido3_8_, usuario0_.cod_activacion as cod_acti4_8_, usuario0_.cod_cambio_passw as cod_camb5_8_, usuario0_.email as email6_8_, usuario0_.enabled as enabled7_8_, usuario0_.esperando_cambio_passw as esperand8_8_, usuario0_.fecha_activado as fecha_ac9_8_, usuario0_.fecha_registro as fecha_r10_8_, usuario0_.fecha_sol_cambio_passw as fecha_s11_8_, usuario0_.finalizada_activacion as finaliz12_8_, usuario0_.nombre as nombre13_8_, usuario0_.password as passwor14_8_, usuario0_.telefono as telefon15_8_, usuario0_.username as usernam16_8_ from usuarios usuario0_ where usuario0_.username=?
2021-01-03 17:40:38,854 DEBUG org.hibernate.engine.jdbc.spi.SqlStatementLogger [http-nio-8080-exec-2] select usuario0_.id as id1_8_, usuario0_.acepta_emails as acepta_e2_8_, usuario0_.apellidos as apellido3_8_, usuario0_.cod_activacion as cod_acti4_8_, usuario0_.cod_cambio_passw as cod_camb5_8_, usuario0_.email as email6_8_, usuario0_.enabled as enabled7_8_, usuario0_.esperando_cambio_passw as esperand8_8_, usuario0_.fecha_activado as fecha_ac9_8_, usuario0_.fecha_registro as fecha_r10_8_, usuario0_.fecha_sol_cambio_passw as fecha_s11_8_, usuario0_.finalizada_activacion as finaliz12_8_, usuario0_.nombre as nombre13_8_, usuario0_.password as passwor14_8_, usuario0_.telefono as telefon15_8_, usuario0_.username as usernam16_8_ from usuarios usuario0_ where usuario0_.username=?
2021-01-03 17:40:38,856 DEBUG org.hibernate.engine.jdbc.spi.SqlStatementLogger [http-nio-8080-exec-2] select roles0_.usuario_id as usuario_1_9_0_, roles0_.role_id as role_id2_9_0_, role1_.id as id1_7_1_, role1_.nombre as nombre2_7_1_ from usuarios_roles roles0_ inner join roles role1_ on roles0_.role_id=role1_.id where roles0_.usuario_id=?
2021-01-03 17:40:38,860 INFO com.afl.restaurante.services.UsuarioService [http-nio-8080-exec-2] Role:ROLE_USER
2021-01-03 17:40:38,861 INFO com.afl.restaurante.services.UsuarioService [http-nio-8080-exec-2] Role:ROLE_ADMIN
2021-01-03 17:40:39,052 DEBUG org.hibernate.engine.jdbc.spi.SqlStatementLogger [http-nio-8080-exec-2] select usuario0_.id as id1_8_, usuario0_.acepta_emails as acepta_e2_8_, usuario0_.apellidos as apellido3_8_, usuario0_.cod_activacion as cod_acti4_8_, usuario0_.cod_cambio_passw as cod_camb5_8_, usuario0_.email as email6_8_, usuario0_.enabled as enabled7_8_, usuario0_.esperando_cambio_passw as esperand8_8_, usuario0_.fecha_activado as fecha_ac9_8_, usuario0_.fecha_registro as fecha_r10_8_, usuario0_.fecha_sol_cambio_passw as fecha_s11_8_, usuario0_.finalizada_activacion as finaliz12_8_, usuario0_.nombre as nombre13_8_, usuario0_.password as passwor14_8_, usuario0_.telefono as telefon15_8_, usuario0_.username as usernam16_8_ from usuarios usuario0_ where usuario0_.username=?
2021-01-03 17:40:43,753 DEBUG org.hibernate.engine.jdbc.spi.SqlStatementLogger [http-nio-8080-exec-3] select adminindex0_.id as id1_0_, adminindex0_.body as body2_0_, adminindex0_.cabecera as cabecera3_0_, adminindex0_.imagen as imagen4_0_, adminindex0_.route as route5_0_ from adminindex adminindex0_
2021-01-03 17:40:43,776 INFO com.afl.restaurante.services.files.UploadFileServiceImpl [http-nio-8080-exec-6] salida de fichero: C:\Proyectos\AngularSpring\restaurante\restaurante-back\uploads\imagenes\home.png
2021-01-03 17:40:43,775 INFO com.afl.restaurante.services.files.UploadFileServiceImpl [http-nio-8080-exec-4] salida de fichero: C:\Proyectos\AngularSpring\restaurante\restaurante-back\uploads\imagenes\empresa.png
2021-01-03 17:40:43,784 INFO com.afl.restaurante.services.files.UploadFileServiceImpl [http-nio-8080-exec-8] salida de fichero: C:\Proyectos\AngularSpring\restaurante\restaurante-back\uploads\imagenes\tipos.png
2021-01-03 17:41:22,497 DEBUG org.hibernate.engine.jdbc.spi.SqlStatementLogger [http-nio-8080-exec-9] select adminindex0_.id as id1_0_, adminindex0_.body as body2_0_, adminindex0_.cabecera as cabecera3_0_, adminindex0_.imagen as imagen4_0_, adminindex0_.route as route5_0_ from adminindex adminindex0_
2021-01-03 17:46:15,243 DEBUG org.hibernate.engine.jdbc.spi.SqlStatementLogger [http-nio-8080-exec-2] select empresa0_.id as id1_3_0_, empresa0_.descripcion_breve as descripc2_3_0_, empresa0_.direccion as direccio3_3_0_, empresa0_.email as email4_3_0_, empresa0_.horario as horario5_3_0_, empresa0_.nombre as nombre6_3_0_, empresa0_.provincia as provinci7_3_0_, empresa0_.telefono as telefono8_3_0_, empresa0_.urlweb as urlweb9_3_0_ from empresa empresa0_ where empresa0_.id=?
2021-01-03 17:46:29,432 DEBUG org.hibernate.engine.jdbc.spi.SqlStatementLogger [http-nio-8080-exec-3] select empresa0_.id as id1_3_0_, empresa0_.descripcion_breve as descripc2_3_0_, empresa0_.direccion as direccio3_3_0_, empresa0_.email as email4_3_0_, empresa0_.horario as horario5_3_0_, empresa0_.nombre as nombre6_3_0_, empresa0_.provincia as provinci7_3_0_, empresa0_.telefono as telefono8_3_0_, empresa0_.urlweb as urlweb9_3_0_ from empresa empresa0_ where empresa0_.id=?
2021-01-03 17:47:05,887 DEBUG org.hibernate.engine.jdbc.spi.SqlStatementLogger [http-nio-8080-exec-4] select empresa0_.id as id1_3_0_, empresa0_.descripcion_breve as descripc2_3_0_, empresa0_.direccion as direccio3_3_0_, empresa0_.email as email4_3_0_, empresa0_.horario as horario5_3_0_, empresa0_.nombre as nombre6_3_0_, empresa0_.provincia as provinci7_3_0_, empresa0_.telefono as telefono8_3_0_, empresa0_.urlweb as urlweb9_3_0_ from empresa empresa0_ where empresa0_.id=?
2021-01-03 17:47:53,845 DEBUG org.hibernate.engine.jdbc.spi.SqlStatementLogger [http-nio-8080-exec-8] select empresa0_.id as id1_3_0_, empresa0_.descripcion_breve as descripc2_3_0_, empresa0_.direccion as direccio3_3_0_, empresa0_.email as email4_3_0_, empresa0_.horario as horario5_3_0_, empresa0_.nombre as nombre6_3_0_, empresa0_.provincia as provinci7_3_0_, empresa0_.telefono as telefono8_3_0_, empresa0_.urlweb as urlweb9_3_0_ from empresa empresa0_ where empresa0_.id=?
2021-01-03 17:50:06,636 DEBUG org.hibernate.engine.jdbc.spi.SqlStatementLogger [http-nio-8080-exec-10] select empresa0_.id as id1_3_0_, empresa0_.descripcion_breve as descripc2_3_0_, empresa0_.direccion as direccio3_3_0_, empresa0_.email as email4_3_0_, empresa0_.horario as horario5_3_0_, empresa0_.nombre as nombre6_3_0_, empresa0_.provincia as provinci7_3_0_, empresa0_.telefono as telefono8_3_0_, empresa0_.urlweb as urlweb9_3_0_ from empresa empresa0_ where empresa0_.id=?
2021-01-03 17:53:55,932 DEBUG org.hibernate.engine.jdbc.spi.SqlStatementLogger [http-nio-8080-exec-5] select usuario0_.id as id1_8_, usuario0_.acepta_emails as acepta_e2_8_, usuario0_.apellidos as apellido3_8_, usuario0_.cod_activacion as cod_acti4_8_, usuario0_.cod_cambio_passw as cod_camb5_8_, usuario0_.email as email6_8_, usuario0_.enabled as enabled7_8_, usuario0_.esperando_cambio_passw as esperand8_8_, usuario0_.fecha_activado as fecha_ac9_8_, usuario0_.fecha_registro as fecha_r10_8_, usuario0_.fecha_sol_cambio_passw as fecha_s11_8_, usuario0_.finalizada_activacion as finaliz12_8_, usuario0_.nombre as nombre13_8_, usuario0_.password as passwor14_8_, usuario0_.telefono as telefon15_8_, usuario0_.username as usernam16_8_ from usuarios usuario0_ where usuario0_.username=?
2021-01-03 17:53:55,935 DEBUG org.hibernate.engine.jdbc.spi.SqlStatementLogger [http-nio-8080-exec-5] select roles0_.usuario_id as usuario_1_9_0_, roles0_.role_id as role_id2_9_0_, role1_.id as id1_7_1_, role1_.nombre as nombre2_7_1_ from usuarios_roles roles0_ inner join roles role1_ on roles0_.role_id=role1_.id where roles0_.usuario_id=?
2021-01-03 17:53:55,937 INFO com.afl.restaurante.services.UsuarioService [http-nio-8080-exec-5] Role:ROLE_USER
2021-01-03 17:53:55,938 INFO com.afl.restaurante.services.UsuarioService [http-nio-8080-exec-5] Role:ROLE_ADMIN
2021-01-03 17:53:56,139 DEBUG org.hibernate.engine.jdbc.spi.SqlStatementLogger [http-nio-8080-exec-5] select usuario0_.id as id1_8_, usuario0_.acepta_emails as acepta_e2_8_, usuario0_.apellidos as apellido3_8_, usuario0_.cod_activacion as cod_acti4_8_, usuario0_.cod_cambio_passw as cod_camb5_8_, usuario0_.email as email6_8_, usuario0_.enabled as enabled7_8_, usuario0_.esperando_cambio_passw as esperand8_8_, usuario0_.fecha_activado as fecha_ac9_8_, usuario0_.fecha_registro as fecha_r10_8_, usuario0_.fecha_sol_cambio_passw as fecha_s11_8_, usuario0_.finalizada_activacion as finaliz12_8_, usuario0_.nombre as nombre13_8_, usuario0_.password as passwor14_8_, usuario0_.telefono as telefon15_8_, usuario0_.username as usernam16_8_ from usuarios usuario0_ where usuario0_.username=?
2021-01-03 17:53:58,541 DEBUG org.hibernate.engine.jdbc.spi.SqlStatementLogger [http-nio-8080-exec-3] select adminindex0_.id as id1_0_, adminindex0_.body as body2_0_, adminindex0_.cabecera as cabecera3_0_, adminindex0_.imagen as imagen4_0_, adminindex0_.route as route5_0_ from adminindex adminindex0_
2021-01-03 17:53:58,566 INFO com.afl.restaurante.services.files.UploadFileServiceImpl [http-nio-8080-exec-6] salida de fichero: C:\Proyectos\AngularSpring\restaurante\restaurante-back\uploads\imagenes\empresa.png
2021-01-03 17:53:58,567 INFO com.afl.restaurante.services.files.UploadFileServiceImpl [http-nio-8080-exec-4] salida de fichero: C:\Proyectos\AngularSpring\restaurante\restaurante-back\uploads\imagenes\home.png
2021-01-03 17:53:58,574 INFO com.afl.restaurante.services.files.UploadFileServiceImpl [http-nio-8080-exec-8] salida de fichero: C:\Proyectos\AngularSpring\restaurante\restaurante-back\uploads\imagenes\tipos.png
2021-01-03 17:55:38,676 DEBUG org.hibernate.engine.jdbc.spi.SqlStatementLogger [http-nio-8080-exec-2] select adminindex0_.id as id1_0_, adminindex0_.body as body2_0_, adminindex0_.cabecera as cabecera3_0_, adminindex0_.imagen as imagen4_0_, adminindex0_.route as route5_0_ from adminindex adminindex0_
2021-01-03 17:55:38,696 INFO com.afl.restaurante.services.files.UploadFileServiceImpl [http-nio-8080-exec-3] salida de fichero: C:\Proyectos\AngularSpring\restaurante\restaurante-back\uploads\imagenes\empresa.png
2021-01-03 17:55:38,698 INFO com.afl.restaurante.services.files.UploadFileServiceImpl [http-nio-8080-exec-4] salida de fichero: C:\Proyectos\AngularSpring\restaurante\restaurante-back\uploads\imagenes\home.png
2021-01-03 17:55:38,699 INFO com.afl.restaurante.services.files.UploadFileServiceImpl [http-nio-8080-exec-6] salida de fichero: C:\Proyectos\AngularSpring\restaurante\restaurante-back\uploads\imagenes\tipos.png
2021-01-03 17:55:39,876 DEBUG org.hibernate.engine.jdbc.spi.SqlStatementLogger [http-nio-8080-exec-9] select empresa0_.id as id1_3_0_, empresa0_.descripcion_breve as descripc2_3_0_, empresa0_.direccion as direccio3_3_0_, empresa0_.email as email4_3_0_, empresa0_.horario as horario5_3_0_, empresa0_.nombre as nombre6_3_0_, empresa0_.provincia as provinci7_3_0_, empresa0_.telefono as telefono8_3_0_, empresa0_.urlweb as urlweb9_3_0_ from empresa empresa0_ where empresa0_.id=?
2021-01-03 17:56:19,896 DEBUG org.hibernate.engine.jdbc.spi.SqlStatementLogger [http-nio-8080-exec-7] select empresa0_.id as id1_3_0_, empresa0_.descripcion_breve as descripc2_3_0_, empresa0_.direccion as direccio3_3_0_, empresa0_.email as email4_3_0_, empresa0_.horario as horario5_3_0_, empresa0_.nombre as nombre6_3_0_, empresa0_.provincia as provinci7_3_0_, empresa0_.telefono as telefono8_3_0_, empresa0_.urlweb as urlweb9_3_0_ from empresa empresa0_ where empresa0_.id=?
2021-01-03 17:56:19,939 DEBUG org.hibernate.engine.jdbc.spi.SqlStatementLogger [http-nio-8080-exec-7] update empresa set descripcion_breve=?, direccion=?, email=?, horario=?, nombre=?, provincia=?, telefono=?, urlweb=? where id=?
2021-01-03 17:56:53,887 DEBUG org.hibernate.engine.jdbc.spi.SqlStatementLogger [http-nio-8080-exec-4] select adminindex0_.id as id1_0_, adminindex0_.body as body2_0_, adminindex0_.cabecera as cabecera3_0_, adminindex0_.imagen as imagen4_0_, adminindex0_.route as route5_0_ from adminindex adminindex0_
2021-01-03 17:56:53,908 INFO com.afl.restaurante.services.files.UploadFileServiceImpl [http-nio-8080-exec-6] salida de fichero: C:\Proyectos\AngularSpring\restaurante\restaurante-back\uploads\imagenes\empresa.png
2021-01-03 17:56:53,910 INFO com.afl.restaurante.services.files.UploadFileServiceImpl [http-nio-8080-exec-9] salida de fichero: C:\Proyectos\AngularSpring\restaurante\restaurante-back\uploads\imagenes\tipos.png
2021-01-03 17:56:53,914 INFO com.afl.restaurante.services.files.UploadFileServiceImpl [http-nio-8080-exec-8] salida de fichero: C:\Proyectos\AngularSpring\restaurante\restaurante-back\uploads\imagenes\home.png
2021-01-03 17:57:39,460 DEBUG org.hibernate.engine.jdbc.spi.SqlStatementLogger [http-nio-8080-exec-10] select empresa0_.id as id1_3_0_, empresa0_.descripcion_breve as descripc2_3_0_, empresa0_.direccion as direccio3_3_0_, empresa0_.email as email4_3_0_, empresa0_.horario as horario5_3_0_, empresa0_.nombre as nombre6_3_0_, empresa0_.provincia as provinci7_3_0_, empresa0_.telefono as telefono8_3_0_, empresa0_.urlweb as urlweb9_3_0_ from empresa empresa0_ where empresa0_.id=?
2021-01-03 18:01:29,761 DEBUG org.hibernate.engine.jdbc.spi.SqlStatementLogger [http-nio-8080-exec-4] select empresa0_.id as id1_3_0_, empresa0_.descripcion_breve as descripc2_3_0_, empresa0_.direccion as direccio3_3_0_, empresa0_.email as email4_3_0_, empresa0_.horario as horario5_3_0_, empresa0_.nombre as nombre6_3_0_, empresa0_.provincia as provinci7_3_0_, empresa0_.telefono as telefono8_3_0_, empresa0_.urlweb as urlweb9_3_0_ from empresa empresa0_ where empresa0_.id=?
2021-01-03 18:08:02,903 DEBUG org.hibernate.engine.jdbc.spi.SqlStatementLogger [http-nio-8080-exec-8] select empresa0_.id as id1_3_0_, empresa0_.descripcion_breve as descripc2_3_0_, empresa0_.direccion as direccio3_3_0_, empresa0_.email as email4_3_0_, empresa0_.horario as horario5_3_0_, empresa0_.nombre as nombre6_3_0_, empresa0_.provincia as provinci7_3_0_, empresa0_.telefono as telefono8_3_0_, empresa0_.urlweb as urlweb9_3_0_ from empresa empresa0_ where empresa0_.id=?
2021-01-03 18:08:03,042 DEBUG org.hibernate.engine.jdbc.spi.SqlStatementLogger [http-nio-8080-exec-10] select empresa0_.id as id1_3_0_, empresa0_.descripcion_breve as descripc2_3_0_, empresa0_.direccion as direccio3_3_0_, empresa0_.email as email4_3_0_, empresa0_.horario as horario5_3_0_, empresa0_.nombre as nombre6_3_0_, empresa0_.provincia as provinci7_3_0_, empresa0_.telefono as telefono8_3_0_, empresa0_.urlweb as urlweb9_3_0_ from empresa empresa0_ where empresa0_.id=?
2021-01-03 18:08:49,986 DEBUG org.hibernate.engine.jdbc.spi.SqlStatementLogger [http-nio-8080-exec-2] select empresa0_.id as id1_3_0_, empresa0_.descripcion_breve as descripc2_3_0_, empresa0_.direccion as direccio3_3_0_, empresa0_.email as email4_3_0_, empresa0_.horario as horario5_3_0_, empresa0_.nombre as nombre6_3_0_, empresa0_.provincia as provinci7_3_0_, empresa0_.telefono as telefono8_3_0_, empresa0_.urlweb as urlweb9_3_0_ from empresa empresa0_ where empresa0_.id=?
2021-01-03 18:09:20,239 DEBUG org.hibernate.engine.jdbc.spi.SqlStatementLogger [http-nio-8080-exec-5] select empresa0_.id as id1_3_0_, empresa0_.descripcion_breve as descripc2_3_0_, empresa0_.direccion as direccio3_3_0_, empresa0_.email as email4_3_0_, empresa0_.horario as horario5_3_0_, empresa0_.nombre as nombre6_3_0_, empresa0_.provincia as provinci7_3_0_, empresa0_.telefono as telefono8_3_0_, empresa0_.urlweb as urlweb9_3_0_ from empresa empresa0_ where empresa0_.id=?
2021-01-03 18:09:21,231 DEBUG org.hibernate.engine.jdbc.spi.SqlStatementLogger [http-nio-8080-exec-4] select empresa0_.id as id1_3_0_, empresa0_.descripcion_breve as descripc2_3_0_, empresa0_.direccion as direccio3_3_0_, empresa0_.email as email4_3_0_, empresa0_.horario as horario5_3_0_, empresa0_.nombre as nombre6_3_0_, empresa0_.provincia as provinci7_3_0_, empresa0_.telefono as telefono8_3_0_, empresa0_.urlweb as urlweb9_3_0_ from empresa empresa0_ where empresa0_.id=?
2021-01-03 18:09:21,261 DEBUG org.hibernate.engine.jdbc.spi.SqlStatementLogger [http-nio-8080-exec-9] select empresa0_.id as id1_3_0_, empresa0_.descripcion_breve as descripc2_3_0_, empresa0_.direccion as direccio3_3_0_, empresa0_.email as email4_3_0_, empresa0_.horario as horario5_3_0_, empresa0_.nombre as nombre6_3_0_, empresa0_.provincia as provinci7_3_0_, empresa0_.telefono as telefono8_3_0_, empresa0_.urlweb as urlweb9_3_0_ from empresa empresa0_ where empresa0_.id=?
2021-01-03 18:09:57,737 DEBUG org.hibernate.engine.jdbc.spi.SqlStatementLogger [http-nio-8080-exec-6] select empresa0_.id as id1_3_0_, empresa0_.descripcion_breve as descripc2_3_0_, empresa0_.direccion as direccio3_3_0_, empresa0_.email as email4_3_0_, empresa0_.horario as horario5_3_0_, empresa0_.nombre as nombre6_3_0_, empresa0_.provincia as provinci7_3_0_, empresa0_.telefono as telefono8_3_0_, empresa0_.urlweb as urlweb9_3_0_ from empresa empresa0_ where empresa0_.id=?
2021-01-03 18:09:58,815 DEBUG org.hibernate.engine.jdbc.spi.SqlStatementLogger [http-nio-8080-exec-8] select empresa0_.id as id1_3_0_, empresa0_.descripcion_breve as descripc2_3_0_, empresa0_.direccion as direccio3_3_0_, empresa0_.email as email4_3_0_, empresa0_.horario as horario5_3_0_, empresa0_.nombre as nombre6_3_0_, empresa0_.provincia as provinci7_3_0_, empresa0_.telefono as telefono8_3_0_, empresa0_.urlweb as urlweb9_3_0_ from empresa empresa0_ where empresa0_.id=?
