2021-01-03 22:23:58,723 INFO org.springframework.boot.StartupInfoLogger [restartedMain] Starting BootAppRestaurante on antonioPortatil with PID 11172 (C:\Proyectos\AngularSpring\restaurante\restaurante-back\target\classes started by antonio in C:\Proyectos\AngularSpring\restaurante\restaurante-back)
2021-01-03 22:23:58,728 DEBUG org.springframework.boot.StartupInfoLogger [restartedMain] Running with Spring Boot v2.2.2.RELEASE, Spring v5.2.2.RELEASE
2021-01-03 22:23:58,729 INFO org.springframework.boot.SpringApplication [restartedMain] No active profile set, falling back to default profiles: default
2021-01-03 22:23:58,877 INFO org.springframework.boot.logging.DeferredLog [restartedMain] The Class-Path manifest attribute in C:\Users\antonio\.m2\repository\org\glassfish\jaxb\jaxb-runtime\2.3.2\jaxb-runtime-2.3.2.jar referenced one or more files that do not exist: file:/C:/Users/antonio/.m2/repository/org/glassfish/jaxb/jaxb-runtime/2.3.2/jakarta.xml.bind-api-2.3.2.jar,file:/C:/Users/antonio/.m2/repository/org/glassfish/jaxb/jaxb-runtime/2.3.2/txw2-2.3.2.jar,file:/C:/Users/antonio/.m2/repository/org/glassfish/jaxb/jaxb-runtime/2.3.2/istack-commons-runtime-3.0.8.jar,file:/C:/Users/antonio/.m2/repository/org/glassfish/jaxb/jaxb-runtime/2.3.2/stax-ex-1.8.1.jar,file:/C:/Users/antonio/.m2/repository/org/glassfish/jaxb/jaxb-runtime/2.3.2/FastInfoset-1.2.16.jar,file:/C:/Users/antonio/.m2/repository/org/glassfish/jaxb/jaxb-runtime/2.3.2/jakarta.activation-api-1.2.1.jar
2021-01-03 22:23:58,878 INFO org.springframework.boot.logging.DeferredLog [restartedMain] Devtools property defaults active! Set 'spring.devtools.add-properties' to 'false' to disable
2021-01-03 22:23:58,879 INFO org.springframework.boot.logging.DeferredLog [restartedMain] For additional web related logging consider setting the 'logging.level.web' property to 'DEBUG'
2021-01-03 22:24:00,882 INFO org.springframework.data.repository.config.RepositoryConfigurationDelegate [restartedMain] Bootstrapping Spring Data JPA repositories in DEFAULT mode.
2021-01-03 22:24:01,535 INFO org.springframework.data.repository.config.RepositoryConfigurationDelegate [restartedMain] Finished Spring Data repository scanning in 563ms. Found 7 JPA repository interfaces.
2021-01-03 22:24:02,772 INFO org.springframework.context.support.PostProcessorRegistrationDelegate$BeanPostProcessorChecker [restartedMain] Bean 'org.springframework.transaction.annotation.ProxyTransactionManagementConfiguration' of type [org.springframework.transaction.annotation.ProxyTransactionManagementConfiguration] is not eligible for getting processed by all BeanPostProcessors (for example: not eligible for auto-proxying)
2021-01-03 22:24:02,821 INFO org.springframework.context.support.PostProcessorRegistrationDelegate$BeanPostProcessorChecker [restartedMain] Bean 'org.springframework.security.config.annotation.configuration.ObjectPostProcessorConfiguration' of type [org.springframework.security.config.annotation.configuration.ObjectPostProcessorConfiguration] is not eligible for getting processed by all BeanPostProcessors (for example: not eligible for auto-proxying)
2021-01-03 22:24:02,827 INFO org.springframework.context.support.PostProcessorRegistrationDelegate$BeanPostProcessorChecker [restartedMain] Bean 'objectPostProcessor' of type [org.springframework.security.config.annotation.configuration.AutowireBeanFactoryObjectPostProcessor] is not eligible for getting processed by all BeanPostProcessors (for example: not eligible for auto-proxying)
2021-01-03 22:24:02,833 INFO org.springframework.context.support.PostProcessorRegistrationDelegate$BeanPostProcessorChecker [restartedMain] Bean 'org.springframework.security.access.expression.method.DefaultMethodSecurityExpressionHandler@50328681' of type [org.springframework.security.access.expression.method.DefaultMethodSecurityExpressionHandler] is not eligible for getting processed by all BeanPostProcessors (for example: not eligible for auto-proxying)
2021-01-03 22:24:02,839 INFO org.springframework.context.support.PostProcessorRegistrationDelegate$BeanPostProcessorChecker [restartedMain] Bean 'org.springframework.security.config.annotation.method.configuration.GlobalMethodSecurityConfiguration' of type [org.springframework.security.config.annotation.method.configuration.GlobalMethodSecurityConfiguration] is not eligible for getting processed by all BeanPostProcessors (for example: not eligible for auto-proxying)
2021-01-03 22:24:02,852 INFO org.springframework.context.support.PostProcessorRegistrationDelegate$BeanPostProcessorChecker [restartedMain] Bean 'methodSecurityMetadataSource' of type [org.springframework.security.access.method.DelegatingMethodSecurityMetadataSource] is not eligible for getting processed by all BeanPostProcessors (for example: not eligible for auto-proxying)
2021-01-03 22:24:04,150 INFO org.springframework.boot.web.embedded.tomcat.TomcatWebServer [restartedMain] Tomcat initialized with port(s): 8080 (http)
2021-01-03 22:24:04,175 INFO org.apache.juli.logging.DirectJDKLog [restartedMain] Initializing ProtocolHandler ["http-nio-8080"]
2021-01-03 22:24:04,178 INFO org.apache.juli.logging.DirectJDKLog [restartedMain] Starting service [Tomcat]
2021-01-03 22:24:04,179 INFO org.apache.juli.logging.DirectJDKLog [restartedMain] Starting Servlet engine: [Apache Tomcat/9.0.29]
2021-01-03 22:24:04,395 INFO org.apache.juli.logging.DirectJDKLog [restartedMain] Initializing Spring embedded WebApplicationContext
2021-01-03 22:24:04,396 INFO org.springframework.boot.web.servlet.context.ServletWebServerApplicationContext [restartedMain] Root WebApplicationContext: initialization completed in 5516 ms
2021-01-03 22:24:04,902 INFO org.hibernate.jpa.internal.util.LogHelper [restartedMain] HHH000204: Processing PersistenceUnitInfo [name: default]
2021-01-03 22:24:05,059 INFO org.hibernate.Version [restartedMain] HHH000412: Hibernate Core {5.4.9.Final}
2021-01-03 22:24:05,354 INFO org.hibernate.annotations.common.reflection.java.JavaReflectionManager [restartedMain] HCANN000001: Hibernate Commons Annotations {5.1.0.Final}
2021-01-03 22:24:05,585 INFO com.zaxxer.hikari.HikariDataSource [restartedMain] HikariPool-1 - Starting...
2021-01-03 22:24:05,828 INFO com.zaxxer.hikari.HikariDataSource [restartedMain] HikariPool-1 - Start completed.
2021-01-03 22:24:05,856 INFO org.hibernate.dialect.Dialect [restartedMain] HHH000400: Using dialect: org.hibernate.dialect.PostgreSQLDialect
2021-01-03 22:24:07,460 DEBUG org.hibernate.engine.jdbc.spi.SqlStatementLogger [restartedMain] alter table proyecto drop constraint FK391t9hcdgfjcs6f7xf4khf1sp
2021-01-03 22:24:07,465 DEBUG org.hibernate.engine.jdbc.spi.SqlStatementLogger [restartedMain] alter table proyecto_herramienta drop constraint FKq87ke7fdkv8d2yjc4ili8pg1t
2021-01-03 22:24:07,467 DEBUG org.hibernate.engine.jdbc.spi.SqlStatementLogger [restartedMain] alter table proyecto_herramienta drop constraint FKn0ya56kcb23nev3x5pxemuw76
2021-01-03 22:24:07,468 DEBUG org.hibernate.engine.jdbc.spi.SqlStatementLogger [restartedMain] alter table usuarios_roles drop constraint FKihom0uklpkfpffipxpoyf7b74
2021-01-03 22:24:07,469 DEBUG org.hibernate.engine.jdbc.spi.SqlStatementLogger [restartedMain] alter table usuarios_roles drop constraint FKqcxu02bqipxpr7cjyj9dmhwec
2021-01-03 22:24:07,470 DEBUG org.hibernate.engine.jdbc.spi.SqlStatementLogger [restartedMain] drop table if exists adminindex cascade
2021-01-03 22:24:07,482 DEBUG org.hibernate.engine.jdbc.spi.SqlStatementLogger [restartedMain] drop table if exists clientes cascade
2021-01-03 22:24:07,491 DEBUG org.hibernate.engine.jdbc.spi.SqlStatementLogger [restartedMain] drop table if exists cursos cascade
2021-01-03 22:24:07,496 DEBUG org.hibernate.engine.jdbc.spi.SqlStatementLogger [restartedMain] drop table if exists empresa cascade
2021-01-03 22:24:07,505 DEBUG org.hibernate.engine.jdbc.spi.SqlStatementLogger [restartedMain] drop table if exists herramienta cascade
2021-01-03 22:24:07,515 DEBUG org.hibernate.engine.jdbc.spi.SqlStatementLogger [restartedMain] drop table if exists proyecto cascade
2021-01-03 22:24:07,525 DEBUG org.hibernate.engine.jdbc.spi.SqlStatementLogger [restartedMain] drop table if exists proyecto_herramienta cascade
2021-01-03 22:24:07,529 DEBUG org.hibernate.engine.jdbc.spi.SqlStatementLogger [restartedMain] drop table if exists roles cascade
2021-01-03 22:24:07,537 DEBUG org.hibernate.engine.jdbc.spi.SqlStatementLogger [restartedMain] drop table if exists usuarios cascade
2021-01-03 22:24:07,550 DEBUG org.hibernate.engine.jdbc.spi.SqlStatementLogger [restartedMain] drop table if exists usuarios_roles cascade
2021-01-03 22:24:07,557 DEBUG org.hibernate.engine.jdbc.spi.SqlStatementLogger [restartedMain] create table adminindex (id  bigserial not null, body varchar(255), cabecera varchar(255) not null, imagen varchar(255), route varchar(255), primary key (id))
2021-01-03 22:24:07,582 DEBUG org.hibernate.engine.jdbc.spi.SqlStatementLogger [restartedMain] create table clientes (id  bigserial not null, actividad TEXT, cliente varchar(255), clientefoto varchar(255), empresa varchar(255), empresafoto varchar(255), experiencia TEXT, fin date, inicio date, sector varchar(255), primary key (id))
2021-01-03 22:24:07,596 DEBUG org.hibernate.engine.jdbc.spi.SqlStatementLogger [restartedMain] create table cursos (id  bigserial not null, fin date, horas int4, inicio date, nombre varchar(100) not null, primary key (id))
2021-01-03 22:24:07,606 DEBUG org.hibernate.engine.jdbc.spi.SqlStatementLogger [restartedMain] create table empresa (id  bigserial not null, descripcion_breve TEXT, direccion varchar(60), email varchar(60), horario varchar(255), nombre varchar(60) not null, provincia varchar(30), telefono varchar(11), urlweb varchar(60), primary key (id))
2021-01-03 22:24:07,621 DEBUG org.hibernate.engine.jdbc.spi.SqlStatementLogger [restartedMain] create table herramienta (id  bigserial not null, comentario varchar(80), nivel varchar(255), nombre varchar(80), tipo varchar(255), primary key (id))
2021-01-03 22:24:07,637 DEBUG org.hibernate.engine.jdbc.spi.SqlStatementLogger [restartedMain] create table proyecto (id  bigserial not null, descripcion TEXT, fin date not null, inicio date not null, nombre varchar(79) not null, cliente_id int8, primary key (id))
2021-01-03 22:24:07,657 DEBUG org.hibernate.engine.jdbc.spi.SqlStatementLogger [restartedMain] create table proyecto_herramienta (proyecto_id int8 not null, herramienta_id int8 not null)
2021-01-03 22:24:07,662 DEBUG org.hibernate.engine.jdbc.spi.SqlStatementLogger [restartedMain] create table roles (id  bigserial not null, nombre varchar(20), primary key (id))
2021-01-03 22:24:07,674 DEBUG org.hibernate.engine.jdbc.spi.SqlStatementLogger [restartedMain] create table usuarios (id  bigserial not null, acepta_emails boolean, apellidos varchar(255), cod_activacion varchar(80), cod_cambio_passw varchar(80), email varchar(255), enabled boolean, esperando_cambio_passw boolean, fecha_activado date, fecha_registro TIMESTAMP, fecha_sol_cambio_passw date, finalizada_activacion boolean not null, nombre varchar(255), password varchar(60) not null, telefono varchar(255), username varchar(60) not null, primary key (id))
2021-01-03 22:24:07,688 DEBUG org.hibernate.engine.jdbc.spi.SqlStatementLogger [restartedMain] create table usuarios_roles (usuario_id int8 not null, role_id int8 not null)
2021-01-03 22:24:07,692 DEBUG org.hibernate.engine.jdbc.spi.SqlStatementLogger [restartedMain] alter table clientes add constraint UKteoa9ce3xv2ajahs0lgfoll2v unique (empresa, cliente, inicio)
2021-01-03 22:24:07,697 DEBUG org.hibernate.engine.jdbc.spi.SqlStatementLogger [restartedMain] alter table empresa add constraint UK_2fqlxbcs4h827hio1qam0dhd3 unique (nombre)
2021-01-03 22:24:07,703 DEBUG org.hibernate.engine.jdbc.spi.SqlStatementLogger [restartedMain] alter table herramienta add constraint UK_r2962ann3eaimg1plgafqssu1 unique (nombre)
2021-01-03 22:24:07,708 DEBUG org.hibernate.engine.jdbc.spi.SqlStatementLogger [restartedMain] alter table proyecto add constraint UK_gvu9yy8rcb4h2hr1f6av0f0ml unique (nombre)
2021-01-03 22:24:07,713 DEBUG org.hibernate.engine.jdbc.spi.SqlStatementLogger [restartedMain] alter table proyecto_herramienta add constraint UKcabtkqf5f3h1o0ag4146m3fwm unique (proyecto_id, herramienta_id)
2021-01-03 22:24:07,719 DEBUG org.hibernate.engine.jdbc.spi.SqlStatementLogger [restartedMain] alter table roles add constraint UK_ldv0v52e0udsh2h1rs0r0gw1n unique (nombre)
2021-01-03 22:24:07,724 DEBUG org.hibernate.engine.jdbc.spi.SqlStatementLogger [restartedMain] alter table usuarios add constraint UK_fe54wcy09qu2gqms03v5hvgf unique (cod_activacion)
2021-01-03 22:24:07,730 DEBUG org.hibernate.engine.jdbc.spi.SqlStatementLogger [restartedMain] alter table usuarios add constraint UK_h0em1k5lbnom22yg59fc35728 unique (cod_cambio_passw)
2021-01-03 22:24:07,734 DEBUG org.hibernate.engine.jdbc.spi.SqlStatementLogger [restartedMain] alter table usuarios add constraint UK_m2dvbwfge291euvmk6vkkocao unique (username)
2021-01-03 22:24:07,740 DEBUG org.hibernate.engine.jdbc.spi.SqlStatementLogger [restartedMain] alter table usuarios_roles add constraint UKqjaspm7473pnu9y4jxhrds8r2 unique (usuario_id, role_id)
2021-01-03 22:24:07,745 DEBUG org.hibernate.engine.jdbc.spi.SqlStatementLogger [restartedMain] alter table proyecto add constraint FK391t9hcdgfjcs6f7xf4khf1sp foreign key (cliente_id) references clientes
2021-01-03 22:24:07,753 DEBUG org.hibernate.engine.jdbc.spi.SqlStatementLogger [restartedMain] alter table proyecto_herramienta add constraint FKq87ke7fdkv8d2yjc4ili8pg1t foreign key (herramienta_id) references herramienta
2021-01-03 22:24:07,759 DEBUG org.hibernate.engine.jdbc.spi.SqlStatementLogger [restartedMain] alter table proyecto_herramienta add constraint FKn0ya56kcb23nev3x5pxemuw76 foreign key (proyecto_id) references proyecto
2021-01-03 22:24:07,762 DEBUG org.hibernate.engine.jdbc.spi.SqlStatementLogger [restartedMain] alter table usuarios_roles add constraint FKihom0uklpkfpffipxpoyf7b74 foreign key (role_id) references roles
2021-01-03 22:24:07,768 DEBUG org.hibernate.engine.jdbc.spi.SqlStatementLogger [restartedMain] alter table usuarios_roles add constraint FKqcxu02bqipxpr7cjyj9dmhwec foreign key (usuario_id) references usuarios
2021-01-03 22:24:07,777 INFO org.hibernate.tool.schema.internal.exec.AbstractScriptSourceInput [restartedMain] HHH000476: Executing import script 'file:/C:/Proyectos/AngularSpring/restaurante/restaurante-back/target/classes/import.sql'
2021-01-03 22:24:07,779 DEBUG org.hibernate.engine.jdbc.spi.SqlStatementLogger [restartedMain] INSERT INTO usuarios (username, password, finalizada_activacion, enabled, nombre, apellidos, email) VALUES ('antonio63j@hotmail.com','12345', true, true, 'Antonio','fernandez','antonio63j@hotmail.com')
2021-01-03 22:24:07,782 DEBUG org.hibernate.engine.jdbc.spi.SqlStatementLogger [restartedMain] INSERT INTO roles (nombre) VALUES ('ROLE_USER')
2021-01-03 22:24:07,785 DEBUG org.hibernate.engine.jdbc.spi.SqlStatementLogger [restartedMain] INSERT INTO roles (nombre) VALUES ('ROLE_ADMIN')
2021-01-03 22:24:07,786 DEBUG org.hibernate.engine.jdbc.spi.SqlStatementLogger [restartedMain] INSERT INTO usuarios_roles (usuario_id, role_id) VALUES (1, 1)
2021-01-03 22:24:07,789 DEBUG org.hibernate.engine.jdbc.spi.SqlStatementLogger [restartedMain] INSERT INTO usuarios_roles (usuario_id, role_id) VALUES (1, 2)
2021-01-03 22:24:07,791 DEBUG org.hibernate.engine.jdbc.spi.SqlStatementLogger [restartedMain] INSERT INTO adminindex ( cabecera, imagen, body, route) VALUES ('configuración de la web', 'empresa.png', 'En este apartado se podrá cambiar los datos de contacto de la empresa', 'empresa' )
2021-01-03 22:24:07,795 DEBUG org.hibernate.engine.jdbc.spi.SqlStatementLogger [restartedMain] INSERT INTO adminindex ( cabecera, imagen, body, route) VALUES ('images de la página principal', 'home.png', 'En este apartado se podrá cambiar los imagenes de la página de entrada (home)', 'admhome' )
2021-01-03 22:24:07,797 DEBUG org.hibernate.engine.jdbc.spi.SqlStatementLogger [restartedMain] INSERT INTO adminindex ( cabecera, imagen, body, route) VALUES ('clasificación de platos', 'tipos.png', 'En este apartado se podrá clasificar los ditintos platos, por ejemplo añadir tipo carnes, pescados, ...', 'admtiposplatos')
2021-01-03 22:24:07,798 DEBUG org.hibernate.engine.jdbc.spi.SqlStatementLogger [restartedMain] INSERT INTO empresa(descripcion_breve, direccion, email, horario, nombre, provincia, telefono, urlweb) VALUES ('descripcion breve', 'c/Cortubi n.22', '@info@fernandezlucena.es', 'horario de 9 a 22h','Cazuela Cortubí', 'Madrid', '627336511', 'http://localhost:4200')
2021-01-03 22:24:07,805 INFO org.hibernate.engine.transaction.jta.platform.internal.JtaPlatformInitiator [restartedMain] HHH000490: Using JtaPlatform implementation: [org.hibernate.engine.transaction.jta.platform.internal.NoJtaPlatform]
2021-01-03 22:24:07,821 INFO org.springframework.orm.jpa.AbstractEntityManagerFactoryBean [restartedMain] Initialized JPA EntityManagerFactory for persistence unit 'default'
2021-01-03 22:24:07,865 INFO org.springframework.boot.devtools.autoconfigure.OptionalLiveReloadServer [restartedMain] LiveReload server is running on port 35729
2021-01-03 22:24:08,673 WARN org.springframework.boot.autoconfigure.orm.jpa.JpaBaseConfiguration$JpaWebConfiguration [restartedMain] spring.jpa.open-in-view is enabled by default. Therefore, database queries may be performed during view rendering. Explicitly configure spring.jpa.open-in-view to disable this warning
2021-01-03 22:24:09,427 INFO com.afl.restaurante.auth.SpringSecurityConfig [restartedMain] En BCryptPasswordEncoder
2021-01-03 22:24:10,018 DEBUG org.hibernate.engine.jdbc.spi.SqlStatementLogger [restartedMain] select empresa0_.id as id1_3_0_, empresa0_.descripcion_breve as descripc2_3_0_, empresa0_.direccion as direccio3_3_0_, empresa0_.email as email4_3_0_, empresa0_.horario as horario5_3_0_, empresa0_.nombre as nombre6_3_0_, empresa0_.provincia as provinci7_3_0_, empresa0_.telefono as telefono8_3_0_, empresa0_.urlweb as urlweb9_3_0_ from empresa empresa0_ where empresa0_.id=?
2021-01-03 22:24:10,203 WARN org.thymeleaf.templatemode.TemplateMode [restartedMain] [THYMELEAF][restartedMain] Template Mode 'HTML5' is deprecated. Using Template Mode 'HTML' instead.
2021-01-03 22:24:10,252 WARN org.springframework.security.oauth2.provider.token.store.JwtAccessTokenConverter [restartedMain] Unable to create an RSA verifier from verifierKey (ignoreable if using MAC)
2021-01-03 22:24:11,630 INFO org.springframework.security.web.DefaultSecurityFilterChain [restartedMain] Creating filter chain: OrRequestMatcher [requestMatchers=[Ant [pattern='/oauth/token'], Ant [pattern='/oauth/token_key'], Ant [pattern='/oauth/check_token']]], [org.springframework.security.web.context.request.async.WebAsyncManagerIntegrationFilter@198d0aa6, org.springframework.security.web.context.SecurityContextPersistenceFilter@3b07ad92, org.springframework.security.web.header.HeaderWriterFilter@32e8f75d, org.springframework.security.web.authentication.logout.LogoutFilter@76c51d9a, org.springframework.security.web.authentication.www.BasicAuthenticationFilter@7dc28561, org.springframework.security.web.savedrequest.RequestCacheAwareFilter@13c90564, org.springframework.security.web.servletapi.SecurityContextHolderAwareRequestFilter@539fc17a, org.springframework.security.web.authentication.AnonymousAuthenticationFilter@698a57e5, org.springframework.security.web.session.SessionManagementFilter@52c32aac, org.springframework.security.web.access.ExceptionTranslationFilter@884a049, org.springframework.security.web.access.intercept.FilterSecurityInterceptor@2a0294ea]
2021-01-03 22:24:11,679 INFO org.springframework.security.web.DefaultSecurityFilterChain [restartedMain] Creating filter chain: org.springframework.security.oauth2.config.annotation.web.configuration.ResourceServerConfiguration$NotOAuthRequestMatcher@31ed0d0d, [org.springframework.security.web.context.request.async.WebAsyncManagerIntegrationFilter@4fa061cf, org.springframework.security.web.context.SecurityContextPersistenceFilter@792fcf8d, org.springframework.security.web.header.HeaderWriterFilter@712dbde5, org.springframework.web.filter.CorsFilter@54d8015e, org.springframework.security.web.authentication.logout.LogoutFilter@77cdd3, org.springframework.security.oauth2.provider.authentication.OAuth2AuthenticationProcessingFilter@72ebd3d2, org.springframework.security.web.savedrequest.RequestCacheAwareFilter@71ab3e94, org.springframework.security.web.servletapi.SecurityContextHolderAwareRequestFilter@6d7567d1, org.springframework.security.web.authentication.AnonymousAuthenticationFilter@5dca6ab8, org.springframework.security.web.session.SessionManagementFilter@4a84170d, org.springframework.security.web.access.ExceptionTranslationFilter@589a12de, org.springframework.security.web.access.intercept.FilterSecurityInterceptor@530b4207]
2021-01-03 22:24:11,687 INFO org.springframework.security.web.DefaultSecurityFilterChain [restartedMain] Creating filter chain: any request, [org.springframework.security.web.context.request.async.WebAsyncManagerIntegrationFilter@719a5c18, org.springframework.security.web.context.SecurityContextPersistenceFilter@193c7daf, org.springframework.security.web.header.HeaderWriterFilter@473850ca, org.springframework.security.web.authentication.logout.LogoutFilter@764edd70, org.springframework.security.web.savedrequest.RequestCacheAwareFilter@1dc9d4d, org.springframework.security.web.servletapi.SecurityContextHolderAwareRequestFilter@46733bc, org.springframework.security.web.authentication.AnonymousAuthenticationFilter@e679375, org.springframework.security.web.session.SessionManagementFilter@c408957, org.springframework.security.web.access.ExceptionTranslationFilter@b226b5e, org.springframework.security.web.access.intercept.FilterSecurityInterceptor@afcd85e]
2021-01-03 22:24:11,915 INFO org.apache.juli.logging.DirectJDKLog [restartedMain] Starting ProtocolHandler ["http-nio-8080"]
2021-01-03 22:24:11,964 INFO org.springframework.boot.web.embedded.tomcat.TomcatWebServer [restartedMain] Tomcat started on port(s): 8080 (http) with context path ''
2021-01-03 22:24:11,968 INFO org.springframework.boot.StartupInfoLogger [restartedMain] Started BootAppRestaurante in 14.086 seconds (JVM running for 15.0)
2021-01-03 22:26:37,907 INFO org.apache.juli.logging.DirectJDKLog [http-nio-8080-exec-1] Initializing Spring DispatcherServlet 'dispatcherServlet'
2021-01-03 22:26:37,907 INFO org.springframework.web.servlet.FrameworkServlet [http-nio-8080-exec-1] Initializing Servlet 'dispatcherServlet'
2021-01-03 22:26:37,929 INFO org.springframework.web.servlet.FrameworkServlet [http-nio-8080-exec-1] Completed initialization in 20 ms
2021-01-03 22:26:38,133 DEBUG org.hibernate.engine.jdbc.spi.SqlStatementLogger [http-nio-8080-exec-1] select empresa0_.id as id1_3_0_, empresa0_.descripcion_breve as descripc2_3_0_, empresa0_.direccion as direccio3_3_0_, empresa0_.email as email4_3_0_, empresa0_.horario as horario5_3_0_, empresa0_.nombre as nombre6_3_0_, empresa0_.provincia as provinci7_3_0_, empresa0_.telefono as telefono8_3_0_, empresa0_.urlweb as urlweb9_3_0_ from empresa empresa0_ where empresa0_.id=?
2021-01-03 22:30:24,379 DEBUG org.hibernate.engine.jdbc.spi.SqlStatementLogger [http-nio-8080-exec-3] select usuario0_.id as id1_8_, usuario0_.acepta_emails as acepta_e2_8_, usuario0_.apellidos as apellido3_8_, usuario0_.cod_activacion as cod_acti4_8_, usuario0_.cod_cambio_passw as cod_camb5_8_, usuario0_.email as email6_8_, usuario0_.enabled as enabled7_8_, usuario0_.esperando_cambio_passw as esperand8_8_, usuario0_.fecha_activado as fecha_ac9_8_, usuario0_.fecha_registro as fecha_r10_8_, usuario0_.fecha_sol_cambio_passw as fecha_s11_8_, usuario0_.finalizada_activacion as finaliz12_8_, usuario0_.nombre as nombre13_8_, usuario0_.password as passwor14_8_, usuario0_.telefono as telefon15_8_, usuario0_.username as usernam16_8_ from usuarios usuario0_ where usuario0_.username=?
2021-01-03 22:30:24,423 DEBUG org.hibernate.engine.jdbc.spi.SqlStatementLogger [http-nio-8080-exec-3] select roles0_.usuario_id as usuario_1_9_0_, roles0_.role_id as role_id2_9_0_, role1_.id as id1_7_1_, role1_.nombre as nombre2_7_1_ from usuarios_roles roles0_ inner join roles role1_ on roles0_.role_id=role1_.id where roles0_.usuario_id=?
2021-01-03 22:30:24,433 INFO com.afl.restaurante.services.UsuarioService [http-nio-8080-exec-3] Role:ROLE_USER
2021-01-03 22:30:24,434 INFO com.afl.restaurante.services.UsuarioService [http-nio-8080-exec-3] Role:ROLE_ADMIN
2021-01-03 22:30:24,689 DEBUG org.hibernate.engine.jdbc.spi.SqlStatementLogger [http-nio-8080-exec-3] select usuario0_.id as id1_8_, usuario0_.acepta_emails as acepta_e2_8_, usuario0_.apellidos as apellido3_8_, usuario0_.cod_activacion as cod_acti4_8_, usuario0_.cod_cambio_passw as cod_camb5_8_, usuario0_.email as email6_8_, usuario0_.enabled as enabled7_8_, usuario0_.esperando_cambio_passw as esperand8_8_, usuario0_.fecha_activado as fecha_ac9_8_, usuario0_.fecha_registro as fecha_r10_8_, usuario0_.fecha_sol_cambio_passw as fecha_s11_8_, usuario0_.finalizada_activacion as finaliz12_8_, usuario0_.nombre as nombre13_8_, usuario0_.password as passwor14_8_, usuario0_.telefono as telefon15_8_, usuario0_.username as usernam16_8_ from usuarios usuario0_ where usuario0_.username=?
2021-01-03 22:30:30,708 DEBUG org.hibernate.engine.jdbc.spi.SqlStatementLogger [http-nio-8080-exec-5] select adminindex0_.id as id1_0_, adminindex0_.body as body2_0_, adminindex0_.cabecera as cabecera3_0_, adminindex0_.imagen as imagen4_0_, adminindex0_.route as route5_0_ from adminindex adminindex0_
2021-01-03 22:30:30,777 INFO com.afl.restaurante.services.files.UploadFileServiceImpl [http-nio-8080-exec-7] salida de fichero: C:\Proyectos\AngularSpring\restaurante\restaurante-back\uploads\imagenes\home.png
2021-01-03 22:30:30,779 INFO com.afl.restaurante.services.files.UploadFileServiceImpl [http-nio-8080-exec-8] salida de fichero: C:\Proyectos\AngularSpring\restaurante\restaurante-back\uploads\imagenes\tipos.png
2021-01-03 22:30:30,799 INFO com.afl.restaurante.services.files.UploadFileServiceImpl [http-nio-8080-exec-6] salida de fichero: C:\Proyectos\AngularSpring\restaurante\restaurante-back\uploads\imagenes\empresa.png
2021-01-03 22:30:50,707 DEBUG org.hibernate.engine.jdbc.spi.SqlStatementLogger [http-nio-8080-exec-10] select adminindex0_.id as id1_0_, adminindex0_.body as body2_0_, adminindex0_.cabecera as cabecera3_0_, adminindex0_.imagen as imagen4_0_, adminindex0_.route as route5_0_ from adminindex adminindex0_
2021-01-03 22:30:50,726 INFO com.afl.restaurante.services.files.UploadFileServiceImpl [http-nio-8080-exec-1] salida de fichero: C:\Proyectos\AngularSpring\restaurante\restaurante-back\uploads\imagenes\empresa.png
2021-01-03 22:30:50,736 INFO com.afl.restaurante.services.files.UploadFileServiceImpl [http-nio-8080-exec-2] salida de fichero: C:\Proyectos\AngularSpring\restaurante\restaurante-back\uploads\imagenes\home.png
2021-01-03 22:30:50,772 INFO com.afl.restaurante.services.files.UploadFileServiceImpl [http-nio-8080-exec-3] salida de fichero: C:\Proyectos\AngularSpring\restaurante\restaurante-back\uploads\imagenes\tipos.png
2021-01-03 22:30:52,402 DEBUG org.hibernate.engine.jdbc.spi.SqlStatementLogger [http-nio-8080-exec-5] select empresa0_.id as id1_3_0_, empresa0_.descripcion_breve as descripc2_3_0_, empresa0_.direccion as direccio3_3_0_, empresa0_.email as email4_3_0_, empresa0_.horario as horario5_3_0_, empresa0_.nombre as nombre6_3_0_, empresa0_.provincia as provinci7_3_0_, empresa0_.telefono as telefono8_3_0_, empresa0_.urlweb as urlweb9_3_0_ from empresa empresa0_ where empresa0_.id=?
2021-01-03 22:44:07,479 DEBUG org.hibernate.engine.jdbc.spi.SqlStatementLogger [http-nio-8080-exec-2] select adminindex0_.id as id1_0_, adminindex0_.body as body2_0_, adminindex0_.cabecera as cabecera3_0_, adminindex0_.imagen as imagen4_0_, adminindex0_.route as route5_0_ from adminindex adminindex0_
2021-01-03 22:44:07,512 INFO com.afl.restaurante.services.files.UploadFileServiceImpl [http-nio-8080-exec-3] salida de fichero: C:\Proyectos\AngularSpring\restaurante\restaurante-back\uploads\imagenes\home.png
2021-01-03 22:44:07,522 INFO com.afl.restaurante.services.files.UploadFileServiceImpl [http-nio-8080-exec-1] salida de fichero: C:\Proyectos\AngularSpring\restaurante\restaurante-back\uploads\imagenes\empresa.png
2021-01-03 22:44:07,569 INFO com.afl.restaurante.services.files.UploadFileServiceImpl [http-nio-8080-exec-4] salida de fichero: C:\Proyectos\AngularSpring\restaurante\restaurante-back\uploads\imagenes\tipos.png
2021-01-03 22:51:35,393 DEBUG org.hibernate.engine.jdbc.spi.SqlStatementLogger [http-nio-8080-exec-9] select adminindex0_.id as id1_0_, adminindex0_.body as body2_0_, adminindex0_.cabecera as cabecera3_0_, adminindex0_.imagen as imagen4_0_, adminindex0_.route as route5_0_ from adminindex adminindex0_
2021-01-03 22:51:35,431 INFO com.afl.restaurante.services.files.UploadFileServiceImpl [http-nio-8080-exec-10] salida de fichero: C:\Proyectos\AngularSpring\restaurante\restaurante-back\uploads\imagenes\empresa.png
2021-01-03 22:51:35,439 INFO com.afl.restaurante.services.files.UploadFileServiceImpl [http-nio-8080-exec-2] salida de fichero: C:\Proyectos\AngularSpring\restaurante\restaurante-back\uploads\imagenes\home.png
2021-01-03 22:51:35,439 INFO com.afl.restaurante.services.files.UploadFileServiceImpl [http-nio-8080-exec-1] salida de fichero: C:\Proyectos\AngularSpring\restaurante\restaurante-back\uploads\imagenes\tipos.png
